<?xml version="1.0" encoding="UTF-8"?>
<testng-results skipped="0" failed="0" ignored="0" total="1" passed="1">
  <reporter-output>
  </reporter-output>
  <suite name="BDD Test Suite" duration-ms="54758" started-at="2021-09-07T05:25:18Z" finished-at="2021-09-07T05:26:13Z">
    <groups>
      <group name="cucumber">
        <method signature="TestRunner.feature(cucumber.api.testng.CucumberFeatureWrapper)[pri:0, instance:MyRunner.TestRunner@737996a0]" name="feature" class="MyRunner.TestRunner"/>
      </group> <!-- cucumber -->
    </groups>
    <test name="Cucumber-TestNG" duration-ms="54758" started-at="2021-09-07T05:25:18Z" finished-at="2021-09-07T05:26:13Z">
      <class name="MyRunner.TestRunner">
        <test-method status="PASS" signature="setUpClass()[pri:0, instance:MyRunner.TestRunner@737996a0]" name="setUpClass" is-config="true" duration-ms="521" started-at="2021-09-07T05:25:18Z" finished-at="2021-09-07T05:25:18Z">
          <reporter-output>
          </reporter-output>
        </test-method> <!-- setUpClass -->
        <test-method status="PASS" signature="feature(cucumber.api.testng.CucumberFeatureWrapper)[pri:0, instance:MyRunner.TestRunner@737996a0]" name="feature" duration-ms="53934" started-at="2021-09-07T05:25:19Z" description="Runs Cucumber Feature" data-provider="features" finished-at="2021-09-07T05:26:12Z">
          <params>
            <param index="0">
              <value>
                <![CDATA[As a Daggr user,  Create a GetJob]]>
              </value>
            </param>
          </params>
          <reporter-output>
          </reporter-output>
        </test-method> <!-- feature -->
        <test-method status="PASS" signature="tearDownClass()[pri:0, instance:MyRunner.TestRunner@737996a0]" name="tearDownClass" is-config="true" duration-ms="66" started-at="2021-09-07T05:26:12Z" finished-at="2021-09-07T05:26:13Z">
          <reporter-output>
          </reporter-output>
        </test-method> <!-- tearDownClass -->
      </class> <!-- MyRunner.TestRunner -->
    </test> <!-- Cucumber-TestNG -->
  </suite> <!-- BDD Test Suite -->
</testng-results>
