<?xml version="1.0" encoding="UTF-8"?>
<testng-results ignored="0" total="1" passed="1" failed="0" skipped="0">
  <reporter-output>
  </reporter-output>
  <suite started-at="2021-09-07T05:18:47Z" name="Default suite" finished-at="2021-09-07T05:19:38Z" duration-ms="51385">
    <groups>
      <group name="cucumber">
        <method signature="TestRunner.feature(cucumber.api.testng.CucumberFeatureWrapper)[pri:0, instance:MyRunner.TestRunner@3081f72c]" name="feature" class="MyRunner.TestRunner"/>
      </group> <!-- cucumber -->
    </groups>
    <test started-at="2021-09-07T05:18:47Z" name="Default test" finished-at="2021-09-07T05:19:38Z" duration-ms="51385">
      <class name="MyRunner.TestRunner">
        <test-method is-config="true" signature="setUpClass()[pri:0, instance:MyRunner.TestRunner@3081f72c]" started-at="2021-09-07T05:18:47Z" name="setUpClass" finished-at="2021-09-07T05:18:47Z" duration-ms="500" status="PASS">
          <reporter-output>
          </reporter-output>
        </test-method> <!-- setUpClass -->
        <test-method signature="feature(cucumber.api.testng.CucumberFeatureWrapper)[pri:0, instance:MyRunner.TestRunner@3081f72c]" started-at="2021-09-07T05:18:47Z" name="feature" description="Runs Cucumber Feature" data-provider="features" finished-at="2021-09-07T05:19:38Z" duration-ms="50679" status="PASS">
          <params>
            <param index="0">
              <value>
                <![CDATA[As a Daggr user,  Create a GetJob]]>
              </value>
            </param>
          </params>
          <reporter-output>
          </reporter-output>
        </test-method> <!-- feature -->
        <test-method is-config="true" signature="tearDownClass()[pri:0, instance:MyRunner.TestRunner@3081f72c]" started-at="2021-09-07T05:19:38Z" name="tearDownClass" finished-at="2021-09-07T05:19:38Z" duration-ms="25" status="PASS">
          <reporter-output>
          </reporter-output>
        </test-method> <!-- tearDownClass -->
      </class> <!-- MyRunner.TestRunner -->
    </test> <!-- Default test -->
  </suite> <!-- Default suite -->
</testng-results>
